<?xml version="1.0" encoding="UTF-8"?>
<coverage generated="1689202914035" clover="3.2.0">
  <project timestamp="1689202914035" name="All files">
    <metrics statements="11" coveredstatements="9" conditionals="2" coveredconditionals="2" methods="5" coveredmethods="3" elements="18" coveredelements="14" complexity="0" loc="11" ncloc="11" packages="1" files="2" classes="2"/>
    <file name="app.js" path="E:\Информация 2018\FRONT-21\JS\Home works\HW-jest\app.js">
      <metrics statements="3" coveredstatements="1" conditionals="0" coveredconditionals="0" methods="2" coveredmethods="0"/>
      <line num="1" count="1" type="stmt"/>
      <line num="7" count="0" type="stmt"/>
      <line num="11" count="0" type="stmt"/>
    </file>
    <file name="index.js" path="E:\Информация 2018\FRONT-21\JS\Home works\HW-jest\index.js">
      <metrics statements="8" coveredstatements="8" conditionals="2" coveredconditionals="2" methods="3" coveredmethods="3"/>
      <line num="2" count="1" type="stmt"/>
      <line num="3" count="1" type="stmt"/>
      <line num="7" count="25" type="cond" truecount="2" falsecount="0"/>
      <line num="8" count="5" type="stmt"/>
      <line num="9" count="5" type="stmt"/>
      <line num="12" count="1" type="stmt"/>
      <line num="17" count="3" type="stmt"/>
      <line num="18" count="3" type="stmt"/>
    </file>
  </project>
</coverage>
