{"E:\\Информация 2018\\FRONT-21\\JS\\Home works\\HW-jest\\app.js": {"path":"E:\\Информация 2018\\FRONT-21\\JS\\Home works\\HW-jest\\app.js","statementMap":{"0":{"start":{"line":1,"column":0},"end":{"line":4,"column":4}},"1":{"start":{"line":7,"column":14},"end":{"line":7,"column":19}},"2":{"start":{"line":11,"column":14},"end":{"line":11,"column":19}}},"fnMap":{"0":{"name":"foo","decl":{"start":{"line":6,"column":9},"end":{"line":6,"column":12}},"loc":{"start":{"line":6,"column":19},"end":{"line":8,"column":3}},"line":6},"1":{"name":"bar","decl":{"start":{"line":10,"column":11},"end":{"line":10,"column":14}},"loc":{"start":{"line":10,"column":21},"end":{"line":12,"column":3}},"line":10}},"branchMap":{},"s":{"0":1,"1":0,"2":0},"f":{"0":0,"1":0},"b":{},"_coverageSchema":"1a1c01bbd47fc00a2c39e90264f33305004495a9","hash":"5b24bec23b074054d0a610a2a1bc1ab71d6ac93a"}
,"E:\\Информация 2018\\FRONT-21\\JS\\Home works\\HW-jest\\index.js": {"path":"E:\\Информация 2018\\FRONT-21\\JS\\Home works\\HW-jest\\index.js","statementMap":{"0":{"start":{"line":2,"column":0},"end":{"line":2,"column":60}},"1":{"start":{"line":3,"column":14},"end":{"line":3,"column":33}},"2":{"start":{"line":7,"column":20},"end":{"line":7,"column":78}},"3":{"start":{"line":7,"column":45},"end":{"line":7,"column":76}},"4":{"start":{"line":8,"column":4},"end":{"line":8,"column":27}},"5":{"start":{"line":9,"column":4},"end":{"line":9,"column":21}},"6":{"start":{"line":12,"column":2},"end":{"line":12,"column":33}},"7":{"start":{"line":17,"column":16},"end":{"line":17,"column":27}},"8":{"start":{"line":18,"column":4},"end":{"line":18,"column":18}}},"fnMap":{"0":{"name":"doubleEverySecondNumber","decl":{"start":{"line":6,"column":10},"end":{"line":6,"column":33}},"loc":{"start":{"line":6,"column":39},"end":{"line":11,"column":3}},"line":6},"1":{"name":"(anonymous_1)","decl":{"start":{"line":7,"column":28},"end":{"line":7,"column":29}},"loc":{"start":{"line":7,"column":45},"end":{"line":7,"column":76}},"line":7},"2":{"name":"sumWithCallback","decl":{"start":{"line":16,"column":11},"end":{"line":16,"column":26}},"loc":{"start":{"line":16,"column":49},"end":{"line":19,"column":3}},"line":16}},"branchMap":{"0":{"loc":{"start":{"line":7,"column":45},"end":{"line":7,"column":76}},"type":"cond-expr","locations":[{"start":{"line":7,"column":63},"end":{"line":7,"column":70}},{"start":{"line":7,"column":73},"end":{"line":7,"column":76}}],"line":7}},"s":{"0":1,"1":1,"2":5,"3":25,"4":5,"5":5,"6":1,"7":3,"8":3},"f":{"0":5,"1":25,"2":3},"b":{"0":[11,14]},"_coverageSchema":"1a1c01bbd47fc00a2c39e90264f33305004495a9","hash":"998e05399f4813f6adc6ebd260c956faede87b6f"}
}
